{"uid":"3e02981e6dbffb89","name":"Selecting departure & destination should display available flights","fullName":"Search and book a flight.: Selecting departure & destination should display available flights","historyId":"369d3529d8c17c861a107e957b69cb56","time":{"start":1743186639399,"stop":1743186682077,"duration":42678},"status":"failed","statusMessage":"AssertionError: No flight results found\n","statusTrace":"  File \"/Users/macbook/Documents/Projects/pyBook/venv/lib/python3.13/site-packages/behave/model.py\", line 1329, in run\n    match.run(runner.context)\n    ~~~~~~~~~^^^^^^^^^^^^^^^^\n  File \"/Users/macbook/Documents/Projects/pyBook/venv/lib/python3.13/site-packages/behave/matchers.py\", line 98, in run\n    self.func(context, *args, **kwargs)\n    ~~~~~~~~~^^^^^^^^^^^^^^^^^^^^^^^^^^\n  File \"features/steps/vuelos_steps.py\", line 39, in step_impl\n    assert len(results) > 0, \"No flight results found\"\n           ^^^^^^^^^^^^^^^^\n","flaky":false,"newFailed":false,"newBroken":false,"newPassed":false,"retriesCount":0,"retriesStatusChange":false,"beforeStages":[],"testStage":{"status":"failed","statusMessage":"AssertionError: No flight results found\n","statusTrace":"  File \"/Users/macbook/Documents/Projects/pyBook/venv/lib/python3.13/site-packages/behave/model.py\", line 1329, in run\n    match.run(runner.context)\n    ~~~~~~~~~^^^^^^^^^^^^^^^^\n  File \"/Users/macbook/Documents/Projects/pyBook/venv/lib/python3.13/site-packages/behave/matchers.py\", line 98, in run\n    self.func(context, *args, **kwargs)\n    ~~~~~~~~~^^^^^^^^^^^^^^^^^^^^^^^^^^\n  File \"features/steps/vuelos_steps.py\", line 39, in step_impl\n    assert len(results) > 0, \"No flight results found\"\n           ^^^^^^^^^^^^^^^^\n","steps":[{"name":"Given I am on the flights search page","time":{"start":1743186644194,"stop":1743186656113,"duration":11919},"status":"passed","steps":[],"attachments":[],"parameters":[],"shouldDisplayMessage":false,"stepsCount":0,"attachmentsCount":0,"hasContent":false,"attachmentStep":false},{"name":"When I enter \"New York\" as the departure city","time":{"start":1743186656113,"stop":1743186658627,"duration":2514},"status":"passed","steps":[],"attachments":[],"parameters":[],"shouldDisplayMessage":false,"stepsCount":0,"attachmentsCount":0,"hasContent":false,"attachmentStep":false},{"name":"And I enter \"Los Angeles\" as the destination city","time":{"start":1743186658628,"stop":1743186660777,"duration":2149},"status":"passed","steps":[],"attachments":[],"parameters":[],"shouldDisplayMessage":false,"stepsCount":0,"attachmentsCount":0,"hasContent":false,"attachmentStep":false},{"name":"And I select a departure date 7 days from now","time":{"start":1743186660777,"stop":1743186666569,"duration":5792},"status":"passed","steps":[],"attachments":[],"parameters":[],"shouldDisplayMessage":false,"stepsCount":0,"attachmentsCount":0,"hasContent":false,"attachmentStep":false},{"name":"And I select a return date 14 days from now","time":{"start":1743186666570,"stop":1743186671705,"duration":5135},"status":"passed","steps":[],"attachments":[],"parameters":[],"shouldDisplayMessage":false,"stepsCount":0,"attachmentsCount":0,"hasContent":false,"attachmentStep":false},{"name":"And I submit the flight search","time":{"start":1743186671706,"stop":1743186671815,"duration":109},"status":"passed","steps":[],"attachments":[],"parameters":[],"shouldDisplayMessage":false,"stepsCount":0,"attachmentsCount":0,"hasContent":false,"attachmentStep":false},{"name":"Then I should see a list of available flights","time":{"start":1743186671815,"stop":1743186681834,"duration":10019},"status":"failed","statusMessage":"AssertionError: No flight results found\n","statusTrace":"  File \"/Users/macbook/Documents/Projects/pyBook/venv/lib/python3.13/site-packages/behave/model.py\", line 1329, in run\n    match.run(runner.context)\n    ~~~~~~~~~^^^^^^^^^^^^^^^^\n  File \"/Users/macbook/Documents/Projects/pyBook/venv/lib/python3.13/site-packages/behave/matchers.py\", line 98, in run\n    self.func(context, *args, **kwargs)\n    ~~~~~~~~~^^^^^^^^^^^^^^^^^^^^^^^^^^\n  File \"features/steps/vuelos_steps.py\", line 39, in step_impl\n    assert len(results) > 0, \"No flight results found\"\n           ^^^^^^^^^^^^^^^^\n","steps":[],"attachments":[],"parameters":[],"shouldDisplayMessage":true,"stepsCount":0,"attachmentsCount":0,"hasContent":true,"attachmentStep":false}],"attachments":[],"parameters":[],"shouldDisplayMessage":false,"stepsCount":7,"attachmentsCount":0,"hasContent":true,"attachmentStep":false},"afterStages":[],"labels":[{"name":"severity","value":"normal"},{"name":"feature","value":"Search and book a flight."},{"name":"framework","value":"behave"},{"name":"language","value":"cpython3"},{"name":"resultFormat","value":"allure2"}],"parameters":[],"links":[],"hidden":false,"retry":false,"extra":{"severity":"normal","retries":[],"categories":[{"name":"Product defects","matchedStatuses":[]}],"tags":[]},"source":"3e02981e6dbffb89.json","parameterValues":[]}